TN:
SF:script/DeployContracts.s.sol
DA:9,0
FN:9,DeployContracts.setUp
FNDA:0,DeployContracts.setUp
DA:13,0
FN:13,DeployContracts.run
FNDA:0,DeployContracts.run
DA:14,0
DA:17,0
DA:18,0
DA:20,0
DA:21,0
DA:23,0
DA:24,0
DA:26,0
FNF:2
FNH:0
LF:10
LH:0
BRF:0
BRH:0
end_of_record
TN:
SF:src/CyberCash.sol
DA:15,21
FN:15,CyberCash.constructor
FNDA:21,CyberCash.constructor
DA:16,21
BRDA:16,0,0,1
DA:18,20
DA:19,20
DA:20,20
DA:24,20
DA:25,20
DA:26,20
DA:28,20
DA:29,20
DA:32,20
DA:33,20
DA:36,20
DA:39,20
DA:40,20
DA:41,20
DA:44,20
DA:45,20
DA:48,20
DA:51,20
DA:92,13
FN:92,CyberCash.initialize
FNDA:13,CyberCash.initialize
DA:93,13
BRDA:93,1,0,1
DA:94,12
BRDA:94,2,0,1
DA:95,11
BRDA:95,3,0,1
DA:98,10
DA:99,10
DA:102,10
DA:105,10
DA:108,10
DA:112,112
FN:112,CyberCash.totalRewards
FNDA:112,CyberCash.totalRewards
DA:113,112
BRDA:113,4,0,102
DA:117,83
FN:117,CyberCash.userRewards
FNDA:83,CyberCash.userRewards
DA:118,83
DA:119,83
DA:121,83
DA:127,7
FN:127,CyberCash.transferBurnScore
FNDA:7,CyberCash.transferBurnScore
DA:128,7
DA:129,7
DA:131,7
BRDA:131,5,0,1
DA:132,2
BRDA:132,6,0,2
DA:133,4
BRDA:133,7,0,1
DA:134,3
BRDA:134,8,0,1
DA:137,2
DA:138,2
DA:141,2
DA:144,2
DA:152,8
FN:152,CyberCash.burnOnTransfer
FNDA:8,CyberCash.burnOnTransfer
DA:154,8
DA:155,8
DA:158,8
DA:159,8
DA:162,8
DA:165,8
DA:168,8
DA:169,8
DA:172,8
DA:173,8
DA:176,8
DA:182,0
FN:182,CyberCash.mintRewards
FNDA:0,CyberCash.mintRewards
DA:184,22
DA:185,22
DA:188,22
DA:189,22
DA:190,22
DA:191,22
DA:194,22
DA:197,22
DA:205,61
FN:205,CyberCash.balanceOf
FNDA:61,CyberCash.balanceOf
DA:206,61
DA:211,7
FN:211,CyberCash.totalSupply
FNDA:7,CyberCash.totalSupply
DA:212,7
DA:219,19
FN:219,CyberCash.transfer
FNDA:19,CyberCash.transfer
DA:220,19
DA:223,19
BRDA:223,9,0,14
DA:225,14
DA:230,14
BRDA:230,10,0,6
DA:231,6
DA:236,19
DA:238,19
DA:245,6
FN:245,CyberCash.transferFrom
FNDA:6,CyberCash.transferFrom
DA:246,6
DA:247,6
DA:250,6
BRDA:250,11,0,4
DA:252,4
DA:257,4
BRDA:257,12,0,2
DA:258,2
DA:263,6
DA:265,6
FNF:11
FNH:10
LF:88
LH:87
BRF:13
BRH:13
end_of_record
TN:
SF:src/Incinerator.sol
DA:11,2
FN:11,Incinerator.constructor
FNDA:2,Incinerator.constructor
DA:12,2
BRDA:12,0,0,-
DA:13,2
DA:25,3
FN:25,Incinerator.burnLoop
FNDA:3,Incinerator.burnLoop
DA:26,3
BRDA:26,1,0,1
DA:27,2
BRDA:27,2,0,1
DA:29,1
DA:30,1
DA:31,1
DA:32,1
DA:35,1
DA:38,1
DA:39,1
DA:42,1
DA:43,1
FNF:2
FNH:2
LF:15
LH:15
BRF:3
BRH:2
end_of_record
TN:
SF:src/Migrator.sol
DA:27,19
FN:27,Migrator.constructor
FNDA:19,Migrator.constructor
DA:28,19
DA:54,8
FN:54,Migrator.setCashAddress
FNDA:8,Migrator.setCashAddress
DA:55,8
BRDA:55,0,0,1
DA:56,7
BRDA:56,1,0,1
DA:57,6
BRDA:57,2,0,1
DA:59,5
DA:65,9
FN:65,Migrator.addTokenMigration
FNDA:9,Migrator.addTokenMigration
DA:66,9
BRDA:66,3,0,1
DA:67,8
BRDA:67,4,0,1
DA:68,7
BRDA:68,5,0,1
DA:69,1
BRDA:69,6,0,1
DA:70,5
BRDA:70,7,0,1
DA:72,4
DA:73,4
DA:74,4
DA:76,4
DA:81,6
FN:81,Migrator.migrate
FNDA:6,Migrator.migrate
DA:82,6
BRDA:82,8,0,1
DA:83,5
BRDA:83,9,0,1
DA:86,4
DA:87,4
BRDA:87,10,0,1
DA:90,3
DA:93,3
DA:94,3
DA:96,3
DA:100,2
FN:100,Migrator.canMigrate
FNDA:2,Migrator.canMigrate
DA:101,2
DA:106,1
FN:106,Migrator.migrationResult
FNDA:1,Migrator.migrationResult
DA:112,4
BRDA:112,11,0,4
DA:113,4
DA:114,4
DA:115,4
DA:117,4
DA:119,4
DA:120,4
FNF:6
FNH:6
LF:36
LH:36
BRF:12
BRH:12
end_of_record
